{
  "stats": {
    "suites": 1,
    "tests": 1,
    "passes": 1,
    "pending": 0,
    "failures": 0,
    "start": "2022-03-16T20:20:33.024Z",
    "end": "2022-03-16T20:20:37.299Z",
    "duration": 4275,
    "testsRegistered": 1,
    "passPercent": 100,
    "pendingPercent": 0,
    "other": 0,
    "hasOther": false,
    "skipped": 0,
    "hasSkipped": false
  },
  "results": [
    {
      "uuid": "68a145d9-886a-47e4-b5be-39a0d629eb49",
      "title": "",
      "fullFile": "cypress/integration/Day2/File_Uploads.spec.js",
      "file": "cypress/integration/Day2/File_Uploads.spec.js",
      "beforeHooks": [],
      "afterHooks": [],
      "tests": [],
      "suites": [
        {
          "uuid": "12ff1760-79f9-4d50-ae14-502bbc582dfb",
          "title": "File Upload",
          "fullFile": "",
          "file": "",
          "beforeHooks": [],
          "afterHooks": [],
          "tests": [
            {
              "title": "Png file upload",
              "fullTitle": "File Upload Png file upload",
              "timedOut": null,
              "duration": 2030,
              "state": "passed",
              "speed": "fast",
              "pass": true,
              "fail": false,
              "pending": false,
              "context": null,
              "code": "cy.visit('http://practice.cybertekschool.com/upload');\ncy.get('#file-upload').attachFile('download.png');\ncy.get('[class=\"button\"]').click();\ncy.get('#uploaded-files').invoke('text', 'download.png').should('be.visible');",
              "err": {},
              "uuid": "c8882a1a-4c86-4441-8d2d-c16fd6e1e79a",
              "parentUUID": "12ff1760-79f9-4d50-ae14-502bbc582dfb",
              "isHook": false,
              "skipped": false
            }
          ],
          "suites": [],
          "passes": [
            "c8882a1a-4c86-4441-8d2d-c16fd6e1e79a"
          ],
          "failures": [],
          "pending": [],
          "skipped": [],
          "duration": 2030,
          "root": false,
          "rootEmpty": false,
          "_timeout": 2000
        }
      ],
      "passes": [],
      "failures": [],
      "pending": [],
      "skipped": [],
      "duration": 0,
      "root": true,
      "rootEmpty": true,
      "_timeout": 2000
    }
  ],
  "meta": {
    "mocha": {
      "version": "7.0.1"
    },
    "mochawesome": {
      "options": {
        "quiet": false,
        "reportFilename": "report",
        "saveHtml": true,
        "saveJson": true,
        "consoleReporter": "spec",
        "useInlineDiffs": false,
        "code": true
      },
      "version": "7.1.2"
    },
    "marge": {
      "options": {
        "reportDir": "cypress/reports",
        "reportFilename": "report",
        "overwrite": false,
        "html": true,
        "json": true,
        "charts": true
      },
      "version": "6.1.1"
    }
  }
}